<?xml version="1.0" encoding="UTF-8"?>
<!-- Generated by org.testng.reporters.JUnitReportReporter -->
<testsuite hostname="LTILPUN21500279" failures="0" tests="1" name="stepDefinitions.TestRunner" time="77.481" errors="0" timestamp="09 Mar 2022 05:50:40 GMT" skipped="0">
  <testcase classname="stepDefinitions.TestRunner" name="runScenario" time="77.481"/>
</testsuite> <!-- stepDefinitions.TestRunner -->
